<?xml version="1.0" encoding="UTF-8"?>
<testng-results ignored="0" total="1" passed="1" failed="0" skipped="0">
  <reporter-output>
  </reporter-output>
  <suite started-at="2023-08-25T20:56:34 BDT" name="Default suite" finished-at="2023-08-25T20:56:42 BDT" duration-ms="8471">
    <groups>
    </groups>
    <test started-at="2023-08-25T20:56:34 BDT" name="Default test" finished-at="2023-08-25T20:56:42 BDT" duration-ms="8471">
      <class name="selenium.automaton">
        <test-method is-config="true" signature="init()[pri:0, instance:selenium.automaton@776aec5c]" started-at="2023-08-25T20:56:34 BDT" name="init" finished-at="2023-08-25T20:56:42 BDT" duration-ms="8416" status="PASS">
          <reporter-output>
          </reporter-output>
        </test-method> <!-- init -->
        <test-method signature="aTesttitle()[pri:0, instance:selenium.automaton@776aec5c]" started-at="2023-08-25T20:56:42 BDT" name="aTesttitle" finished-at="2023-08-25T20:56:42 BDT" duration-ms="16" status="PASS">
          <reporter-output>
          </reporter-output>
        </test-method> <!-- aTesttitle -->
      </class> <!-- selenium.automaton -->
    </test> <!-- Default test -->
  </suite> <!-- Default suite -->
</testng-results>
